2026-01-09 08:34:15,804 | INFO | ðŸš€ Starting fresh inventory...
2026-01-09 08:34:15,804 | INFO | Request to files/list_folder
2026-01-09 08:34:16,576 | INFO | ðŸ“Š Progress: 60 files, 21 folders | API calls: 1 | Rate: 105 entries/sec | Elapsed: 0.0 min
2026-01-09 08:34:16,577 | INFO | Request to files/list_folder/continue
2026-01-09 08:34:20,266 | INFO | ðŸ“Š Progress: 2,556 files, 158 folders | API calls: 2 | Rate: 608 entries/sec | Elapsed: 0.1 min
2026-01-09 08:34:20,332 | INFO | ðŸ’¾ Saved: 2714 entries, 117.80 GB
2026-01-09 08:34:20,332 | INFO | Request to files/list_folder/continue
2026-01-09 08:34:23,106 | INFO | ðŸ“Š Progress: 4,546 files, 197 folders | API calls: 3 | Rate: 650 entries/sec | Elapsed: 0.1 min
2026-01-09 08:34:23,208 | INFO | ðŸ’¾ Saved: 4743 entries, 348.73 GB
2026-01-09 08:34:23,209 | INFO | Request to files/list_folder/continue
2026-01-09 08:34:24,339 | INFO | ðŸ“Š Progress: 5,235 files, 228 folders | API calls: 4 | Rate: 640 entries/sec | Elapsed: 0.1 min
2026-01-09 08:34:24,339 | INFO | Request to files/list_folder/continue
2026-01-09 08:34:24,835 | INFO | ðŸ“Š Progress: 5,379 files, 243 folders | API calls: 5 | Rate: 623 entries/sec | Elapsed: 0.2 min
2026-01-09 08:34:24,835 | INFO | Request to files/list_folder/continue
2026-01-09 08:34:25,257 | INFO | ðŸ“Š Progress: 5,442 files, 258 folders | API calls: 6 | Rate: 603 entries/sec | Elapsed: 0.2 min
2026-01-09 08:34:25,258 | INFO | Request to files/list_folder/continue
2026-01-09 08:34:27,709 | INFO | ðŸ“Š Progress: 7,457 files, 266 folders | API calls: 7 | Rate: 649 entries/sec | Elapsed: 0.2 min
2026-01-09 08:34:27,871 | INFO | ðŸ’¾ Saved: 7723 entries, 378.07 GB
2026-01-09 08:34:27,872 | INFO | Request to files/list_folder/continue
2026-01-09 08:34:29,238 | INFO | ðŸ“Š Progress: 8,508 files, 266 folders | API calls: 8 | Rate: 653 entries/sec | Elapsed: 0.2 min
2026-01-09 08:34:29,424 | INFO | ðŸ’¾ Saved: 8774 entries, 380.44 GB
2026-01-09 08:34:29,424 | INFO | Request to files/list_folder/continue
2026-01-09 08:34:30,346 | INFO | ðŸ“Š Progress: 9,017 files, 299 folders | API calls: 9 | Rate: 641 entries/sec | Elapsed: 0.2 min
2026-01-09 08:34:30,347 | INFO | Request to files/list_folder/continue
2026-01-09 08:34:32,736 | INFO | ðŸ“Š Progress: 11,013 files, 303 folders | API calls: 10 | Rate: 668 entries/sec | Elapsed: 0.3 min
2026-01-09 08:34:32,972 | INFO | ðŸ’¾ Saved: 11316 entries, 394.08 GB
2026-01-09 08:34:32,973 | INFO | Request to files/list_folder/continue
2026-01-09 08:34:33,731 | INFO | ðŸ“Š Progress: 11,200 files, 322 folders | API calls: 11 | Rate: 643 entries/sec | Elapsed: 0.3 min
2026-01-09 08:34:33,731 | INFO | Request to files/list_folder/continue
2026-01-09 08:34:36,222 | INFO | ðŸ“Š Progress: 13,197 files, 325 folders | API calls: 12 | Rate: 662 entries/sec | Elapsed: 0.3 min
2026-01-09 08:34:36,489 | INFO | ðŸ’¾ Saved: 13522 entries, 418.64 GB
2026-01-09 08:34:36,490 | INFO | Request to files/list_folder/continue
2026-01-09 08:34:37,298 | INFO | ðŸ“Š Progress: 13,567 files, 344 folders | API calls: 13 | Rate: 647 entries/sec | Elapsed: 0.4 min
2026-01-09 08:34:37,299 | INFO | Request to files/list_folder/continue
2026-01-09 08:34:39,797 | INFO | ðŸ“Š Progress: 15,560 files, 351 folders | API calls: 14 | Rate: 663 entries/sec | Elapsed: 0.4 min
2026-01-09 08:34:40,118 | INFO | ðŸ’¾ Saved: 15911 entries, 449.11 GB
2026-01-09 08:34:40,119 | INFO | Request to files/list_folder/continue
2026-01-09 08:34:41,928 | INFO | ðŸ“Š Progress: 16,665 files, 353 folders | API calls: 15 | Rate: 651 entries/sec | Elapsed: 0.4 min
2026-01-09 08:34:42,266 | INFO | ðŸ’¾ Saved: 17018 entries, 450.42 GB
2026-01-09 08:34:42,266 | INFO | Request to files/list_folder/continue
2026-01-09 08:34:44,503 | INFO | ðŸ“Š Progress: 18,664 files, 354 folders | API calls: 16 | Rate: 663 entries/sec | Elapsed: 0.5 min
2026-01-09 08:34:44,889 | INFO | ðŸ’¾ Saved: 19018 entries, 464.23 GB
2026-01-09 08:34:44,889 | INFO | Request to files/list_folder/continue
2026-01-09 08:34:47,427 | INFO | ðŸ“Š Progress: 20,663 files, 355 folders | API calls: 17 | Rate: 665 entries/sec | Elapsed: 0.5 min
2026-01-09 08:34:47,836 | INFO | ðŸ’¾ Saved: 21018 entries, 466.57 GB
2026-01-09 08:34:47,836 | INFO | Request to files/list_folder/continue
2026-01-09 08:34:50,260 | INFO | ðŸ“Š Progress: 22,663 files, 355 folders | API calls: 18 | Rate: 668 entries/sec | Elapsed: 0.6 min
2026-01-09 08:34:50,717 | INFO | ðŸ’¾ Saved: 23018 entries, 468.94 GB
2026-01-09 08:34:50,718 | INFO | Request to files/list_folder/continue
2026-01-09 08:34:53,034 | INFO | ðŸ“Š Progress: 24,661 files, 357 folders | API calls: 19 | Rate: 672 entries/sec | Elapsed: 0.6 min
2026-01-09 08:34:53,525 | INFO | ðŸ’¾ Saved: 25018 entries, 483.67 GB
2026-01-09 08:34:53,526 | INFO | Request to files/list_folder/continue
2026-01-09 08:34:56,195 | INFO | ðŸ“Š Progress: 26,660 files, 358 folders | API calls: 20 | Rate: 669 entries/sec | Elapsed: 0.7 min
2026-01-09 08:34:56,724 | INFO | ðŸ’¾ Saved: 27018 entries, 486.12 GB
2026-01-09 08:34:56,724 | INFO | Request to files/list_folder/continue
2026-01-09 08:34:59,191 | INFO | ðŸ“Š Progress: 28,660 files, 363 folders | API calls: 21 | Rate: 669 entries/sec | Elapsed: 0.7 min
2026-01-09 08:34:59,760 | INFO | ðŸ’¾ Saved: 29023 entries, 502.42 GB
2026-01-09 08:34:59,761 | INFO | Request to files/list_folder/continue
2026-01-09 08:35:02,182 | INFO | ðŸ“Š Progress: 30,660 files, 363 folders | API calls: 22 | Rate: 669 entries/sec | Elapsed: 0.8 min
2026-01-09 08:35:02,782 | INFO | ðŸ’¾ Saved: 31023 entries, 504.64 GB
2026-01-09 08:35:02,782 | INFO | Request to files/list_folder/continue
2026-01-09 08:35:05,332 | INFO | ðŸ“Š Progress: 32,660 files, 363 folders | API calls: 23 | Rate: 667 entries/sec | Elapsed: 0.8 min
2026-01-09 08:35:05,977 | INFO | ðŸ’¾ Saved: 33023 entries, 506.33 GB
2026-01-09 08:35:05,977 | INFO | Request to files/list_folder/continue
2026-01-09 08:35:06,948 | INFO | ðŸ“Š Progress: 33,032 files, 371 folders | API calls: 24 | Rate: 653 entries/sec | Elapsed: 0.9 min
2026-01-09 08:35:06,948 | INFO | Request to files/list_folder/continue
2026-01-09 08:35:09,108 | INFO | ðŸ“Š Progress: 35,028 files, 375 folders | API calls: 25 | Rate: 664 entries/sec | Elapsed: 0.9 min
2026-01-09 08:35:09,786 | INFO | ðŸ’¾ Saved: 35403 entries, 692.81 GB
2026-01-09 08:35:09,787 | INFO | Request to files/list_folder/continue
2026-01-09 08:35:12,635 | INFO | ðŸ“Š Progress: 36,985 files, 379 folders | API calls: 26 | Rate: 658 entries/sec | Elapsed: 0.9 min
2026-01-09 08:35:13,362 | INFO | ðŸ’¾ Saved: 37364 entries, 694.80 GB
2026-01-09 08:35:13,363 | INFO | Request to files/list_folder/continue
2026-01-09 08:35:15,702 | INFO | ðŸ“Š Progress: 38,974 files, 390 folders | API calls: 27 | Rate: 657 entries/sec | Elapsed: 1.0 min
2026-01-09 08:35:16,465 | INFO | ðŸ’¾ Saved: 39364 entries, 697.16 GB
2026-01-09 08:35:16,466 | INFO | Request to files/list_folder/continue
2026-01-09 08:35:18,971 | INFO | ðŸ“Š Progress: 40,965 files, 399 folders | API calls: 28 | Rate: 655 entries/sec | Elapsed: 1.1 min
2026-01-09 08:35:19,790 | INFO | ðŸ’¾ Saved: 41364 entries, 699.46 GB
2026-01-09 08:35:19,790 | INFO | Request to files/list_folder/continue
2026-01-09 08:35:22,118 | INFO | ðŸ“Š Progress: 42,834 files, 530 folders | API calls: 29 | Rate: 654 entries/sec | Elapsed: 1.1 min
2026-01-09 08:35:23,112 | INFO | ðŸ’¾ Saved: 43364 entries, 701.17 GB
2026-01-09 08:35:23,113 | INFO | Request to files/list_folder/continue
2026-01-09 08:35:25,523 | INFO | ðŸ“Š Progress: 44,742 files, 622 folders | API calls: 30 | Rate: 651 entries/sec | Elapsed: 1.2 min
2026-01-09 08:35:26,485 | INFO | ðŸ’¾ Saved: 45364 entries, 702.06 GB
2026-01-09 08:35:26,486 | INFO | Request to files/list_folder/continue
2026-01-09 08:35:28,932 | INFO | ðŸ“Š Progress: 46,696 files, 668 folders | API calls: 31 | Rate: 648 entries/sec | Elapsed: 1.2 min
2026-01-09 08:35:29,980 | INFO | ðŸ’¾ Saved: 47364 entries, 702.94 GB
2026-01-09 08:35:29,981 | INFO | Request to files/list_folder/continue
2026-01-09 08:35:32,460 | INFO | ðŸ“Š Progress: 48,674 files, 690 folders | API calls: 32 | Rate: 644 entries/sec | Elapsed: 1.3 min
2026-01-09 08:35:33,583 | INFO | ðŸ’¾ Saved: 49364 entries, 703.75 GB
2026-01-09 08:35:33,585 | INFO | Request to files/list_folder/continue
2026-01-09 08:35:36,282 | INFO | ðŸ“Š Progress: 50,664 files, 700 folders | API calls: 33 | Rate: 638 entries/sec | Elapsed: 1.3 min
2026-01-09 08:35:37,703 | INFO | ðŸ’¾ Saved: 51364 entries, 704.62 GB
2026-01-09 08:35:37,704 | INFO | Request to files/list_folder/continue
2026-01-09 08:35:41,724 | INFO | ðŸ“Š Progress: 52,648 files, 716 folders | API calls: 34 | Rate: 621 entries/sec | Elapsed: 1.4 min
2026-01-09 08:35:42,965 | INFO | ðŸ’¾ Saved: 53364 entries, 705.41 GB
2026-01-09 08:35:42,966 | INFO | Request to files/list_folder/continue
2026-01-09 08:35:45,232 | INFO | ðŸ“Š Progress: 54,643 files, 721 folders | API calls: 35 | Rate: 619 entries/sec | Elapsed: 1.5 min
2026-01-09 08:35:46,434 | INFO | ðŸ’¾ Saved: 55364 entries, 706.17 GB
2026-01-09 08:35:46,435 | INFO | Request to files/list_folder/continue
2026-01-09 08:35:48,875 | INFO | ðŸ“Š Progress: 56,637 files, 727 folders | API calls: 36 | Rate: 616 entries/sec | Elapsed: 1.6 min
2026-01-09 08:35:50,224 | INFO | ðŸ’¾ Saved: 57364 entries, 706.92 GB
2026-01-09 08:35:50,226 | INFO | Request to files/list_folder/continue
2026-01-09 08:35:52,679 | INFO | ðŸ“Š Progress: 58,631 files, 733 folders | API calls: 37 | Rate: 613 entries/sec | Elapsed: 1.6 min
2026-01-09 08:35:53,927 | INFO | ðŸ’¾ Saved: 59364 entries, 707.74 GB
2026-01-09 08:35:53,928 | INFO | Request to files/list_folder/continue
2026-01-09 08:35:56,242 | INFO | ðŸ“Š Progress: 60,622 files, 742 folders | API calls: 38 | Rate: 611 entries/sec | Elapsed: 1.7 min
2026-01-09 08:35:57,606 | INFO | ðŸ’¾ Saved: 61364 entries, 708.50 GB
2026-01-09 08:35:57,607 | INFO | Request to files/list_folder/continue
2026-01-09 08:36:00,089 | INFO | ðŸ“Š Progress: 62,613 files, 751 folders | API calls: 39 | Rate: 608 entries/sec | Elapsed: 1.7 min
2026-01-09 08:36:01,558 | INFO | ðŸ’¾ Saved: 63364 entries, 709.09 GB
2026-01-09 08:36:01,559 | INFO | Request to files/list_folder/continue
2026-01-09 08:36:03,854 | INFO | ðŸ“Š Progress: 64,602 files, 762 folders | API calls: 40 | Rate: 605 entries/sec | Elapsed: 1.8 min
2026-01-09 08:36:05,414 | INFO | ðŸ’¾ Saved: 65364 entries, 709.80 GB
2026-01-09 08:36:05,415 | INFO | Request to files/list_folder/continue
2026-01-09 08:36:07,730 | INFO | ðŸ“Š Progress: 66,593 files, 771 folders | API calls: 41 | Rate: 602 entries/sec | Elapsed: 1.9 min
2026-01-09 08:36:09,265 | INFO | ðŸ’¾ Saved: 67364 entries, 710.62 GB
2026-01-09 08:36:09,267 | INFO | Request to files/list_folder/continue
2026-01-09 08:36:11,656 | INFO | ðŸ“Š Progress: 68,581 files, 783 folders | API calls: 42 | Rate: 599 entries/sec | Elapsed: 1.9 min
2026-01-09 08:36:13,168 | INFO | ðŸ’¾ Saved: 69364 entries, 711.41 GB
2026-01-09 08:36:13,169 | INFO | Request to files/list_folder/continue
2026-01-09 08:36:16,171 | INFO | ðŸ“Š Progress: 70,572 files, 792 folders | API calls: 43 | Rate: 593 entries/sec | Elapsed: 2.0 min
2026-01-09 08:36:17,767 | INFO | ðŸ’¾ Saved: 71364 entries, 712.19 GB
2026-01-09 08:36:17,768 | INFO | Request to files/list_folder/continue
2026-01-09 08:36:20,387 | INFO | ðŸ“Š Progress: 72,561 files, 803 folders | API calls: 44 | Rate: 589 entries/sec | Elapsed: 2.1 min
2026-01-09 08:36:22,000 | INFO | ðŸ’¾ Saved: 73364 entries, 713.04 GB
2026-01-09 08:36:22,001 | INFO | Request to files/list_folder/continue
2026-01-09 08:36:25,280 | INFO | ðŸ“Š Progress: 74,553 files, 811 folders | API calls: 45 | Rate: 582 entries/sec | Elapsed: 2.2 min
2026-01-09 08:36:26,957 | INFO | ðŸ’¾ Saved: 75364 entries, 713.87 GB
2026-01-09 08:36:26,958 | INFO | Request to files/list_folder/continue
2026-01-09 08:36:29,162 | INFO | ðŸ“Š Progress: 76,531 files, 833 folders | API calls: 46 | Rate: 580 entries/sec | Elapsed: 2.2 min
2026-01-09 08:36:30,865 | INFO | ðŸ’¾ Saved: 77364 entries, 714.67 GB
2026-01-09 08:36:30,866 | INFO | Request to files/list_folder/continue
2026-01-09 08:36:33,110 | INFO | ðŸ“Š Progress: 78,518 files, 846 folders | API calls: 47 | Rate: 578 entries/sec | Elapsed: 2.3 min
2026-01-09 08:36:34,771 | INFO | ðŸ’¾ Saved: 79364 entries, 715.43 GB
2026-01-09 08:36:34,772 | INFO | Request to files/list_folder/continue
2026-01-09 08:36:37,003 | INFO | ðŸ“Š Progress: 80,510 files, 854 folders | API calls: 48 | Rate: 576 entries/sec | Elapsed: 2.4 min
2026-01-09 08:36:38,793 | INFO | ðŸ’¾ Saved: 81364 entries, 716.17 GB
2026-01-09 08:36:38,795 | INFO | Request to files/list_folder/continue
2026-01-09 08:36:41,153 | INFO | ðŸ“Š Progress: 82,503 files, 861 folders | API calls: 49 | Rate: 574 entries/sec | Elapsed: 2.4 min
2026-01-09 08:36:42,981 | INFO | ðŸ’¾ Saved: 83364 entries, 717.00 GB
2026-01-09 08:36:42,982 | INFO | Request to files/list_folder/continue
2026-01-09 08:36:45,339 | INFO | ðŸ“Š Progress: 84,497 files, 867 folders | API calls: 50 | Rate: 571 entries/sec | Elapsed: 2.5 min
2026-01-09 08:36:47,259 | INFO | ðŸ’¾ Saved: 85364 entries, 717.72 GB
2026-01-09 08:36:47,260 | INFO | Request to files/list_folder/continue
2026-01-09 08:36:49,501 | INFO | ðŸ“Š Progress: 86,490 files, 874 folders | API calls: 51 | Rate: 568 entries/sec | Elapsed: 2.6 min
2026-01-09 08:36:51,428 | INFO | ðŸ’¾ Saved: 87364 entries, 718.55 GB
2026-01-09 08:36:51,429 | INFO | Request to files/list_folder/continue
2026-01-09 08:36:53,788 | INFO | ðŸ“Š Progress: 88,483 files, 881 folders | API calls: 52 | Rate: 566 entries/sec | Elapsed: 2.6 min
2026-01-09 08:36:56,583 | INFO | ðŸ’¾ Saved: 89364 entries, 719.34 GB
2026-01-09 08:36:56,584 | INFO | Request to files/list_folder/continue
2026-01-09 08:37:00,351 | INFO | ðŸ“Š Progress: 90,473 files, 891 folders | API calls: 53 | Rate: 555 entries/sec | Elapsed: 2.7 min
2026-01-09 08:37:03,034 | INFO | ðŸ’¾ Saved: 91364 entries, 720.05 GB
2026-01-09 08:37:03,035 | INFO | Request to files/list_folder/continue
2026-01-09 08:37:05,507 | INFO | ðŸ“Š Progress: 92,467 files, 897 folders | API calls: 54 | Rate: 550 entries/sec | Elapsed: 2.8 min
2026-01-09 08:37:08,165 | INFO | ðŸ’¾ Saved: 93364 entries, 720.77 GB
2026-01-09 08:37:08,167 | INFO | Request to files/list_folder/continue
2026-01-09 08:37:11,623 | INFO | ðŸ“Š Progress: 94,467 files, 897 folders | API calls: 55 | Rate: 542 entries/sec | Elapsed: 2.9 min
2026-01-09 08:37:14,306 | INFO | ðŸ’¾ Saved: 95364 entries, 721.40 GB
2026-01-09 08:37:14,308 | INFO | Request to files/list_folder/continue
2026-01-09 08:37:16,595 | INFO | ðŸ“Š Progress: 96,464 files, 900 folders | API calls: 56 | Rate: 539 entries/sec | Elapsed: 3.0 min
2026-01-09 08:37:19,431 | INFO | ðŸ’¾ Saved: 97364 entries, 722.10 GB
2026-01-09 08:37:19,432 | INFO | Request to files/list_folder/continue
2026-01-09 08:37:21,817 | INFO | ðŸ“Š Progress: 98,448 files, 916 folders | API calls: 57 | Rate: 534 entries/sec | Elapsed: 3.1 min
2026-01-09 08:37:24,566 | INFO | ðŸ’¾ Saved: 99364 entries, 723.11 GB
2026-01-09 08:37:24,567 | INFO | Request to files/list_folder/continue
2026-01-09 08:37:27,029 | INFO | ðŸ“Š Progress: 100,420 files, 944 folders | API calls: 58 | Rate: 530 entries/sec | Elapsed: 3.2 min
2026-01-09 08:37:30,052 | INFO | ðŸ’¾ Saved: 101364 entries, 724.13 GB
2026-01-09 08:37:30,054 | INFO | Request to files/list_folder/continue
2026-01-09 08:37:33,435 | INFO | ðŸ“Š Progress: 102,390 files, 974 folders | API calls: 59 | Rate: 523 entries/sec | Elapsed: 3.3 min
2026-01-09 08:37:36,352 | INFO | ðŸ’¾ Saved: 103364 entries, 725.24 GB
2026-01-09 08:37:36,354 | INFO | Request to files/list_folder/continue
2026-01-09 08:37:39,614 | INFO | ðŸ“Š Progress: 104,380 files, 984 folders | API calls: 60 | Rate: 517 entries/sec | Elapsed: 3.4 min
2026-01-09 08:37:42,534 | INFO | ðŸ’¾ Saved: 105364 entries, 726.30 GB
2026-01-09 08:37:42,535 | INFO | Request to files/list_folder/continue
2026-01-09 08:37:45,494 | INFO | ðŸ“Š Progress: 106,374 files, 990 folders | API calls: 61 | Rate: 512 entries/sec | Elapsed: 3.5 min
2026-01-09 08:37:48,728 | INFO | ðŸ’¾ Saved: 107364 entries, 727.35 GB
2026-01-09 08:37:48,729 | INFO | Request to files/list_folder/continue
2026-01-09 08:37:52,305 | INFO | ðŸ“Š Progress: 108,360 files, 1,004 folders | API calls: 62 | Rate: 505 entries/sec | Elapsed: 3.6 min
2026-01-09 08:37:55,968 | INFO | ðŸ’¾ Saved: 109364 entries, 728.47 GB
2026-01-09 08:37:55,969 | INFO | Request to files/list_folder/continue
2026-01-09 08:37:58,547 | INFO | ðŸ“Š Progress: 110,335 files, 1,029 folders | API calls: 63 | Rate: 500 entries/sec | Elapsed: 3.7 min
2026-01-09 08:38:01,962 | INFO | ðŸ’¾ Saved: 111364 entries, 729.50 GB
2026-01-09 08:38:01,964 | INFO | Request to files/list_folder/continue
2026-01-09 08:38:04,395 | INFO | ðŸ“Š Progress: 112,326 files, 1,038 folders | API calls: 64 | Rate: 496 entries/sec | Elapsed: 3.8 min
2026-01-09 08:38:07,948 | INFO | ðŸ’¾ Saved: 113364 entries, 730.61 GB
2026-01-09 08:38:07,950 | INFO | Request to files/list_folder/continue
2026-01-09 08:38:10,768 | INFO | ðŸ“Š Progress: 114,321 files, 1,043 folders | API calls: 65 | Rate: 491 entries/sec | Elapsed: 3.9 min
2026-01-09 08:38:14,281 | INFO | ðŸ’¾ Saved: 115364 entries, 731.71 GB
2026-01-09 08:38:14,283 | INFO | Request to files/list_folder/continue
2026-01-09 08:38:14,982 | INFO | ðŸ“Š Progress: 114,593 files, 1,044 folders | API calls: 66 | Rate: 484 entries/sec | Elapsed: 4.0 min
2026-01-09 08:38:14,983 | INFO | Request to files/list_folder/continue
2026-01-09 08:38:16,145 | INFO | ðŸ“Š Progress: 114,618 files, 1,048 folders | API calls: 67 | Rate: 481 entries/sec | Elapsed: 4.0 min
2026-01-09 08:38:16,146 | INFO | Request to files/list_folder/continue
2026-01-09 08:38:19,267 | INFO | ðŸ“Š Progress: 116,603 files, 1,063 folders | API calls: 68 | Rate: 483 entries/sec | Elapsed: 4.1 min
2026-01-09 08:38:22,710 | INFO | ðŸ’¾ Saved: 117666 entries, 732.95 GB
2026-01-09 08:38:22,711 | INFO | Request to files/list_folder/continue
2026-01-09 08:38:25,074 | INFO | ðŸ“Š Progress: 118,591 files, 1,075 folders | API calls: 69 | Rate: 480 entries/sec | Elapsed: 4.2 min
2026-01-09 08:38:28,694 | INFO | ðŸ’¾ Saved: 119666 entries, 734.04 GB
2026-01-09 08:38:28,697 | INFO | Request to files/list_folder/continue
2026-01-09 08:38:31,072 | INFO | ðŸ“Š Progress: 120,576 files, 1,090 folders | API calls: 70 | Rate: 477 entries/sec | Elapsed: 4.3 min
2026-01-09 08:38:34,391 | INFO | ðŸ’¾ Saved: 121666 entries, 735.05 GB
2026-01-09 08:38:34,392 | INFO | Request to files/list_folder/continue
2026-01-09 08:38:37,052 | INFO | ðŸ“Š Progress: 122,567 files, 1,099 folders | API calls: 71 | Rate: 473 entries/sec | Elapsed: 4.4 min
2026-01-09 08:38:40,946 | INFO | ðŸ’¾ Saved: 123666 entries, 736.06 GB
2026-01-09 08:38:40,947 | INFO | Request to files/list_folder/continue
2026-01-09 08:38:43,565 | INFO | ðŸ“Š Progress: 124,551 files, 1,115 folders | API calls: 72 | Rate: 469 entries/sec | Elapsed: 4.5 min
2026-01-09 08:38:47,057 | INFO | ðŸ’¾ Saved: 125666 entries, 737.13 GB
2026-01-09 08:38:47,059 | INFO | Request to files/list_folder/continue
2026-01-09 08:38:49,446 | INFO | ðŸ“Š Progress: 126,546 files, 1,120 folders | API calls: 73 | Rate: 467 entries/sec | Elapsed: 4.6 min
2026-01-09 08:38:53,013 | INFO | ðŸ’¾ Saved: 127666 entries, 738.19 GB
2026-01-09 08:38:53,017 | INFO | Request to files/list_folder/continue
2026-01-09 08:38:55,284 | INFO | ðŸ“Š Progress: 128,529 files, 1,137 folders | API calls: 74 | Rate: 464 entries/sec | Elapsed: 4.7 min
2026-01-09 08:38:59,031 | INFO | ðŸ’¾ Saved: 129666 entries, 739.22 GB
2026-01-09 08:38:59,035 | INFO | Request to files/list_folder/continue
2026-01-09 08:39:01,340 | INFO | ðŸ“Š Progress: 130,513 files, 1,153 folders | API calls: 75 | Rate: 461 entries/sec | Elapsed: 4.8 min
2026-01-09 08:39:04,919 | INFO | ðŸ’¾ Saved: 131666 entries, 740.27 GB
2026-01-09 08:39:04,921 | INFO | Request to files/list_folder/continue
2026-01-09 08:39:07,333 | INFO | ðŸ“Š Progress: 132,495 files, 1,171 folders | API calls: 76 | Rate: 459 entries/sec | Elapsed: 4.9 min
2026-01-09 08:39:10,925 | INFO | ðŸ’¾ Saved: 133666 entries, 741.38 GB
2026-01-09 08:39:10,926 | INFO | Request to files/list_folder/continue
2026-01-09 08:39:14,484 | INFO | ðŸ“Š Progress: 134,478 files, 1,188 folders | API calls: 77 | Rate: 454 entries/sec | Elapsed: 5.0 min
2026-01-09 08:39:18,466 | INFO | ðŸ’¾ Saved: 135666 entries, 742.45 GB
2026-01-09 08:39:18,468 | INFO | Request to files/list_folder/continue
2026-01-09 08:39:21,755 | INFO | ðŸ“Š Progress: 136,464 files, 1,202 folders | API calls: 78 | Rate: 450 entries/sec | Elapsed: 5.1 min
2026-01-09 08:39:25,721 | INFO | ðŸ’¾ Saved: 137666 entries, 743.55 GB
2026-01-09 08:39:25,722 | INFO | Request to files/list_folder/continue
2026-01-09 08:39:28,185 | INFO | ðŸ“Š Progress: 138,451 files, 1,215 folders | API calls: 79 | Rate: 447 entries/sec | Elapsed: 5.2 min
2026-01-09 08:39:32,054 | INFO | ðŸ’¾ Saved: 139666 entries, 744.56 GB
2026-01-09 08:39:32,056 | INFO | Request to files/list_folder/continue
2026-01-09 08:39:34,778 | INFO | ðŸ“Š Progress: 140,429 files, 1,237 folders | API calls: 80 | Rate: 444 entries/sec | Elapsed: 5.3 min
2026-01-09 08:39:38,801 | INFO | ðŸ’¾ Saved: 141666 entries, 745.41 GB
2026-01-09 08:39:38,803 | INFO | Request to files/list_folder/continue
2026-01-09 08:39:41,661 | INFO | ðŸ“Š Progress: 142,407 files, 1,259 folders | API calls: 81 | Rate: 441 entries/sec | Elapsed: 5.4 min
2026-01-09 08:39:45,633 | INFO | ðŸ’¾ Saved: 143666 entries, 746.23 GB
2026-01-09 08:39:45,635 | INFO | Request to files/list_folder/continue
2026-01-09 08:39:47,861 | INFO | ðŸ“Š Progress: 144,377 files, 1,289 folders | API calls: 82 | Rate: 439 entries/sec | Elapsed: 5.5 min
2026-01-09 08:39:51,879 | INFO | ðŸ’¾ Saved: 145666 entries, 747.03 GB
2026-01-09 08:39:51,881 | INFO | Request to files/list_folder/continue
2026-01-09 08:39:54,155 | INFO | ðŸ“Š Progress: 146,357 files, 1,309 folders | API calls: 83 | Rate: 436 entries/sec | Elapsed: 5.6 min
2026-01-09 08:39:58,305 | INFO | ðŸ’¾ Saved: 147666 entries, 747.86 GB
2026-01-09 08:39:58,307 | INFO | Request to files/list_folder/continue
2026-01-09 08:40:00,561 | INFO | ðŸ“Š Progress: 148,337 files, 1,329 folders | API calls: 84 | Rate: 434 entries/sec | Elapsed: 5.7 min
2026-01-09 08:40:04,770 | INFO | ðŸ’¾ Saved: 149666 entries, 748.72 GB
2026-01-09 08:40:04,772 | INFO | Request to files/list_folder/continue
2026-01-09 08:40:07,280 | INFO | ðŸ“Š Progress: 150,310 files, 1,356 folders | API calls: 85 | Rate: 432 entries/sec | Elapsed: 5.9 min
2026-01-09 08:40:11,515 | INFO | ðŸ’¾ Saved: 151666 entries, 749.56 GB
2026-01-09 08:40:11,517 | INFO | Request to files/list_folder/continue
2026-01-09 08:40:14,891 | INFO | ðŸ“Š Progress: 152,275 files, 1,391 folders | API calls: 86 | Rate: 428 entries/sec | Elapsed: 6.0 min
2026-01-09 08:40:19,054 | INFO | ðŸ’¾ Saved: 153666 entries, 750.49 GB
2026-01-09 08:40:19,056 | INFO | Request to files/list_folder/continue
2026-01-09 08:40:21,360 | INFO | ðŸ“Š Progress: 154,259 files, 1,407 folders | API calls: 87 | Rate: 426 entries/sec | Elapsed: 6.1 min
2026-01-09 08:40:25,740 | INFO | ðŸ’¾ Saved: 155666 entries, 751.49 GB
2026-01-09 08:40:25,742 | INFO | Request to files/list_folder/continue
2026-01-09 08:40:28,192 | INFO | ðŸ“Š Progress: 156,249 files, 1,417 folders | API calls: 88 | Rate: 423 entries/sec | Elapsed: 6.2 min
2026-01-09 08:40:32,577 | INFO | ðŸ’¾ Saved: 157666 entries, 752.46 GB
2026-01-09 08:40:32,579 | INFO | Request to files/list_folder/continue
2026-01-09 08:40:35,079 | INFO | ðŸ“Š Progress: 158,245 files, 1,421 folders | API calls: 89 | Rate: 421 entries/sec | Elapsed: 6.3 min
2026-01-09 08:40:39,566 | INFO | ðŸ’¾ Saved: 159666 entries, 753.45 GB
2026-01-09 08:40:39,568 | INFO | Request to files/list_folder/continue
2026-01-09 08:40:43,490 | INFO | ðŸ“Š Progress: 160,210 files, 1,456 folders | API calls: 90 | Rate: 417 entries/sec | Elapsed: 6.5 min
2026-01-09 08:40:48,060 | INFO | ðŸ’¾ Saved: 161666 entries, 781.45 GB
2026-01-09 08:40:48,064 | INFO | Request to files/list_folder/continue
2026-01-09 08:40:50,566 | INFO | ðŸ“Š Progress: 162,195 files, 1,471 folders | API calls: 91 | Rate: 415 entries/sec | Elapsed: 6.6 min
2026-01-09 08:40:55,171 | INFO | ðŸ’¾ Saved: 163666 entries, 978.76 GB
2026-01-09 08:40:55,173 | INFO | Request to files/list_folder/continue
2026-01-09 08:40:57,746 | INFO | ðŸ“Š Progress: 164,160 files, 1,506 folders | API calls: 92 | Rate: 412 entries/sec | Elapsed: 6.7 min
2026-01-09 08:41:02,407 | INFO | ðŸ’¾ Saved: 165666 entries, 1120.68 GB
2026-01-09 08:41:02,408 | INFO | Request to files/list_folder/continue
2026-01-09 08:41:05,214 | INFO | ðŸ“Š Progress: 166,114 files, 1,552 folders | API calls: 93 | Rate: 410 entries/sec | Elapsed: 6.8 min
2026-01-09 08:41:09,827 | INFO | ðŸ’¾ Saved: 167666 entries, 1277.05 GB
2026-01-09 08:41:09,829 | INFO | Request to files/list_folder/continue
2026-01-09 08:41:12,435 | INFO | ðŸ“Š Progress: 168,051 files, 1,615 folders | API calls: 94 | Rate: 407 entries/sec | Elapsed: 6.9 min
2026-01-09 08:41:17,340 | INFO | ðŸ’¾ Saved: 169666 entries, 1411.31 GB
2026-01-09 08:41:17,342 | INFO | Request to files/list_folder/continue
2026-01-09 08:41:20,117 | INFO | ðŸ“Š Progress: 170,004 files, 1,662 folders | API calls: 95 | Rate: 405 entries/sec | Elapsed: 7.1 min
2026-01-09 08:41:24,875 | INFO | ðŸ’¾ Saved: 171666 entries, 1499.74 GB
2026-01-09 08:41:24,877 | INFO | Request to files/list_folder/continue
2026-01-09 08:41:27,262 | INFO | ðŸ“Š Progress: 171,997 files, 1,669 folders | API calls: 96 | Rate: 403 entries/sec | Elapsed: 7.2 min
2026-01-09 08:41:32,070 | INFO | ðŸ’¾ Saved: 173666 entries, 1500.59 GB
2026-01-09 08:41:32,072 | INFO | Request to files/list_folder/continue
2026-01-09 08:41:34,242 | INFO | ðŸ“Š Progress: 173,986 files, 1,680 folders | API calls: 97 | Rate: 401 entries/sec | Elapsed: 7.3 min
2026-01-09 08:41:39,442 | INFO | ðŸ’¾ Saved: 175666 entries, 1501.32 GB
2026-01-09 08:41:39,444 | INFO | Request to files/list_folder/continue
2026-01-09 08:41:41,867 | INFO | ðŸ“Š Progress: 175,973 files, 1,693 folders | API calls: 98 | Rate: 398 entries/sec | Elapsed: 7.4 min
2026-01-09 08:41:47,253 | INFO | ðŸ’¾ Saved: 177666 entries, 1501.93 GB
2026-01-09 08:41:47,255 | INFO | Request to files/list_folder/continue
2026-01-09 08:41:50,065 | INFO | ðŸ“Š Progress: 177,968 files, 1,698 folders | API calls: 99 | Rate: 396 entries/sec | Elapsed: 7.6 min
2026-01-09 08:41:55,217 | INFO | ðŸ’¾ Saved: 179666 entries, 1502.65 GB
2026-01-09 08:41:55,220 | INFO | Request to files/list_folder/continue
2026-01-09 08:41:57,979 | INFO | ðŸ“Š Progress: 179,951 files, 1,715 folders | API calls: 100 | Rate: 393 entries/sec | Elapsed: 7.7 min
2026-01-09 08:42:02,995 | INFO | ðŸ’¾ Saved: 181666 entries, 1503.44 GB
2026-01-09 08:42:02,998 | INFO | Request to files/list_folder/continue
2026-01-09 08:42:05,467 | INFO | ðŸ“Š Progress: 181,948 files, 1,718 folders | API calls: 101 | Rate: 391 entries/sec | Elapsed: 7.8 min
2026-01-09 08:42:10,668 | INFO | ðŸ’¾ Saved: 183666 entries, 1504.14 GB
2026-01-09 08:42:10,671 | INFO | Request to files/list_folder/continue
2026-01-09 08:42:13,880 | INFO | ðŸ“Š Progress: 183,934 files, 1,732 folders | API calls: 102 | Rate: 388 entries/sec | Elapsed: 8.0 min
2026-01-09 08:42:18,847 | INFO | ðŸ’¾ Saved: 185666 entries, 1504.92 GB
2026-01-09 08:42:18,850 | INFO | Request to files/list_folder/continue
2026-01-09 08:42:21,193 | INFO | ðŸ“Š Progress: 185,924 files, 1,742 folders | API calls: 103 | Rate: 387 entries/sec | Elapsed: 8.1 min
2026-01-09 08:42:26,627 | INFO | ðŸ’¾ Saved: 187666 entries, 1505.66 GB
2026-01-09 08:42:26,632 | INFO | Request to files/list_folder/continue
2026-01-09 08:42:29,802 | INFO | ðŸ“Š Progress: 187,903 files, 1,762 folders | API calls: 104 | Rate: 384 entries/sec | Elapsed: 8.2 min
2026-01-09 08:42:35,143 | INFO | ðŸ’¾ Saved: 189665 entries, 1506.71 GB
2026-01-09 08:42:35,145 | INFO | Request to files/list_folder/continue
2026-01-09 08:42:37,295 | INFO | ðŸ“Š Progress: 189,884 files, 1,781 folders | API calls: 105 | Rate: 382 entries/sec | Elapsed: 8.4 min
2026-01-09 08:42:42,577 | INFO | ðŸ’¾ Saved: 191665 entries, 1507.75 GB
2026-01-09 08:42:42,580 | INFO | Request to files/list_folder/continue
2026-01-09 08:42:46,244 | INFO | ðŸ“Š Progress: 191,870 files, 1,795 folders | API calls: 106 | Rate: 379 entries/sec | Elapsed: 8.5 min
2026-01-09 08:42:52,262 | INFO | ðŸ’¾ Saved: 193665 entries, 1508.77 GB
2026-01-09 08:42:52,264 | INFO | Request to files/list_folder/continue
2026-01-09 08:42:54,492 | INFO | ðŸ“Š Progress: 193,858 files, 1,807 folders | API calls: 107 | Rate: 377 entries/sec | Elapsed: 8.6 min
2026-01-09 08:43:00,416 | INFO | ðŸ’¾ Saved: 195665 entries, 1509.79 GB
2026-01-09 08:43:00,420 | INFO | Request to files/list_folder/continue
2026-01-09 08:43:03,000 | INFO | ðŸ“Š Progress: 195,834 files, 1,831 folders | API calls: 108 | Rate: 375 entries/sec | Elapsed: 8.8 min
2026-01-09 08:43:08,807 | INFO | ðŸ’¾ Saved: 197665 entries, 1510.82 GB
2026-01-09 08:43:08,809 | INFO | Request to files/list_folder/continue
2026-01-09 08:43:11,067 | INFO | ðŸ“Š Progress: 197,821 files, 1,844 folders | API calls: 109 | Rate: 373 entries/sec | Elapsed: 8.9 min
2026-01-09 08:43:16,608 | INFO | ðŸ’¾ Saved: 199665 entries, 1511.95 GB
2026-01-09 08:43:16,610 | INFO | Request to files/list_folder/continue
2026-01-09 08:43:18,900 | INFO | ðŸ“Š Progress: 199,804 files, 1,861 folders | API calls: 110 | Rate: 371 entries/sec | Elapsed: 9.1 min
2026-01-09 08:43:24,497 | INFO | ðŸ’¾ Saved: 201665 entries, 1513.03 GB
2026-01-09 08:43:24,499 | INFO | Request to files/list_folder/continue
2026-01-09 08:43:28,172 | INFO | ðŸ“Š Progress: 201,788 files, 1,877 folders | API calls: 111 | Rate: 369 entries/sec | Elapsed: 9.2 min
2026-01-09 08:43:34,196 | INFO | ðŸ’¾ Saved: 203665 entries, 1514.13 GB
2026-01-09 08:43:34,198 | INFO | Request to files/list_folder/continue
2026-01-09 08:43:37,280 | INFO | ðŸ“Š Progress: 203,779 files, 1,886 folders | API calls: 112 | Rate: 366 entries/sec | Elapsed: 9.4 min
2026-01-09 08:43:42,973 | INFO | ðŸ’¾ Saved: 205665 entries, 1515.13 GB
2026-01-09 08:43:42,976 | INFO | Request to files/list_folder/continue
2026-01-09 08:43:46,206 | INFO | ðŸ“Š Progress: 205,756 files, 1,909 folders | API calls: 113 | Rate: 364 entries/sec | Elapsed: 9.5 min
2026-01-09 08:43:52,199 | INFO | ðŸ’¾ Saved: 207665 entries, 1515.89 GB
2026-01-09 08:43:52,205 | INFO | Request to files/list_folder/continue
2026-01-09 08:43:54,589 | INFO | ðŸ“Š Progress: 207,742 files, 1,923 folders | API calls: 114 | Rate: 362 entries/sec | Elapsed: 9.6 min
2026-01-09 08:44:00,453 | INFO | ðŸ’¾ Saved: 209665 entries, 1516.60 GB
2026-01-09 08:44:00,456 | INFO | Request to files/list_folder/continue
2026-01-09 08:44:02,855 | INFO | ðŸ“Š Progress: 209,717 files, 1,948 folders | API calls: 115 | Rate: 361 entries/sec | Elapsed: 9.8 min
2026-01-09 08:44:08,734 | INFO | ðŸ’¾ Saved: 211665 entries, 1517.42 GB
2026-01-09 08:44:08,737 | INFO | Request to files/list_folder/continue
2026-01-09 08:44:11,320 | INFO | ðŸ“Š Progress: 211,687 files, 1,978 folders | API calls: 116 | Rate: 359 entries/sec | Elapsed: 9.9 min
2026-01-09 08:44:17,035 | INFO | ðŸ’¾ Saved: 213665 entries, 1518.22 GB
2026-01-09 08:44:17,040 | INFO | Request to files/list_folder/continue
2026-01-09 08:44:19,232 | INFO | ðŸ“Š Progress: 213,674 files, 1,991 folders | API calls: 117 | Rate: 357 entries/sec | Elapsed: 10.1 min
2026-01-09 08:44:25,791 | INFO | ðŸ’¾ Saved: 215665 entries, 1519.02 GB
2026-01-09 08:44:25,794 | INFO | Request to files/list_folder/continue
2026-01-09 08:44:28,015 | INFO | ðŸ“Š Progress: 215,649 files, 2,016 folders | API calls: 118 | Rate: 356 entries/sec | Elapsed: 10.2 min
2026-01-09 08:44:34,137 | INFO | ðŸ’¾ Saved: 217665 entries, 1519.86 GB
2026-01-09 08:44:34,139 | INFO | Request to files/list_folder/continue
2026-01-09 08:44:36,334 | INFO | ðŸ“Š Progress: 217,634 files, 2,031 folders | API calls: 119 | Rate: 354 entries/sec | Elapsed: 10.3 min
2026-01-09 08:44:42,299 | INFO | ðŸ’¾ Saved: 219665 entries, 1520.62 GB
2026-01-09 08:44:42,301 | INFO | Request to files/list_folder/continue
2026-01-09 08:44:43,547 | INFO | ðŸ“Š Progress: 218,557 files, 2,036 folders | API calls: 120 | Rate: 351 entries/sec | Elapsed: 10.5 min
2026-01-09 08:44:43,548 | INFO | Request to files/list_folder/continue
2026-01-09 08:44:44,093 | INFO | ðŸ“Š Progress: 218,557 files, 2,038 folders | API calls: 121 | Rate: 351 entries/sec | Elapsed: 10.5 min
2026-01-09 08:44:44,093 | INFO | Request to files/list_folder/continue
2026-01-09 08:44:47,190 | INFO | ðŸ“Š Progress: 220,369 files, 2,051 folders | API calls: 122 | Rate: 352 entries/sec | Elapsed: 10.5 min
2026-01-09 08:44:53,206 | INFO | ðŸ’¾ Saved: 222420 entries, 1521.78 GB
2026-01-09 08:44:53,209 | INFO | Request to files/list_folder/continue
2026-01-09 08:44:55,001 | INFO | ðŸ“Š Progress: 220,715 files, 2,055 folders | API calls: 123 | Rate: 349 entries/sec | Elapsed: 10.7 min
2026-01-09 08:44:55,002 | INFO | Request to files/list_folder/continue
2026-01-09 08:44:55,775 | INFO | ðŸ“Š Progress: 220,948 files, 2,061 folders | API calls: 124 | Rate: 348 entries/sec | Elapsed: 10.7 min
2026-01-09 08:44:55,776 | INFO | Request to files/list_folder/continue
2026-01-09 08:44:57,033 | INFO | ðŸ“Š Progress: 221,701 files, 2,074 folders | API calls: 125 | Rate: 349 entries/sec | Elapsed: 10.7 min
2026-01-09 08:45:03,828 | INFO | ðŸ’¾ Saved: 223775 entries, 1522.35 GB
2026-01-09 08:45:03,831 | INFO | Request to files/list_folder/continue
2026-01-09 08:45:06,960 | INFO | ðŸ“Š Progress: 223,646 files, 2,113 folders | API calls: 126 | Rate: 347 entries/sec | Elapsed: 10.9 min
2026-01-09 08:45:11,550 | INFO | ðŸ’¾ Saved: 225759 entries, 1524.19 GB
2026-01-09 08:45:11,552 | INFO | Request to files/list_folder/continue
2026-01-09 08:45:14,258 | INFO | ðŸ“Š Progress: 225,630 files, 2,129 folders | API calls: 127 | Rate: 346 entries/sec | Elapsed: 11.0 min
2026-01-09 08:45:18,867 | INFO | ðŸ’¾ Saved: 227759 entries, 1526.06 GB
2026-01-09 08:45:18,870 | INFO | Request to files/list_folder/continue
2026-01-09 08:45:21,067 | INFO | ðŸ“Š Progress: 227,608 files, 2,151 folders | API calls: 128 | Rate: 345 entries/sec | Elapsed: 11.1 min
2026-01-09 08:45:26,028 | INFO | ðŸ’¾ Saved: 229759 entries, 1526.89 GB
2026-01-09 08:45:26,030 | INFO | Request to files/list_folder/continue
2026-01-09 08:45:28,588 | INFO | ðŸ“Š Progress: 229,584 files, 2,175 folders | API calls: 129 | Rate: 344 entries/sec | Elapsed: 11.2 min
2026-01-09 08:45:33,196 | INFO | ðŸ’¾ Saved: 231759 entries, 1527.70 GB
2026-01-09 08:45:33,198 | INFO | Request to files/list_folder/continue
2026-01-09 08:45:35,406 | INFO | ðŸ“Š Progress: 231,247 files, 2,189 folders | API calls: 130 | Rate: 344 entries/sec | Elapsed: 11.3 min
2026-01-09 08:45:40,247 | INFO | ðŸ’¾ Saved: 233436 entries, 1528.39 GB
2026-01-09 08:45:40,249 | INFO | Request to files/list_folder/continue
2026-01-09 08:45:44,328 | INFO | ðŸ“Š Progress: 231,597 files, 2,236 folders | API calls: 131 | Rate: 340 entries/sec | Elapsed: 11.5 min
2026-01-09 08:45:44,329 | INFO | Request to files/list_folder/continue
2026-01-09 08:45:51,873 | INFO | ðŸ“Š Progress: 233,360 files, 2,286 folders | API calls: 132 | Rate: 339 entries/sec | Elapsed: 11.6 min
2026-01-09 08:45:56,666 | INFO | ðŸ’¾ Saved: 235646 entries, 1545.93 GB
2026-01-09 08:45:56,669 | INFO | Request to files/list_folder/continue
2026-01-09 08:45:59,498 | INFO | ðŸ“Š Progress: 235,358 files, 2,288 folders | API calls: 133 | Rate: 338 entries/sec | Elapsed: 11.7 min
2026-01-09 08:46:04,152 | INFO | ðŸ’¾ Saved: 237646 entries, 1571.21 GB
2026-01-09 08:46:04,154 | INFO | Request to files/list_folder/continue
2026-01-09 08:46:07,470 | INFO | ðŸ“Š Progress: 237,356 files, 2,290 folders | API calls: 134 | Rate: 337 entries/sec | Elapsed: 11.9 min
2026-01-09 08:46:12,636 | INFO | ðŸ’¾ Saved: 239646 entries, 1607.38 GB
2026-01-09 08:46:12,640 | INFO | Request to files/list_folder/continue
2026-01-09 08:46:15,630 | INFO | ðŸ“Š Progress: 239,354 files, 2,292 folders | API calls: 135 | Rate: 336 entries/sec | Elapsed: 12.0 min
2026-01-09 08:46:23,514 | INFO | ðŸ’¾ Saved: 241646 entries, 1632.24 GB
2026-01-09 08:46:23,517 | INFO | Request to files/list_folder/continue
2026-01-09 08:46:25,809 | INFO | ðŸ“Š Progress: 241,352 files, 2,294 folders | API calls: 136 | Rate: 334 entries/sec | Elapsed: 12.2 min
2026-01-09 08:46:33,187 | INFO | ðŸ’¾ Saved: 243646 entries, 1657.90 GB
2026-01-09 08:46:33,191 | INFO | Request to files/list_folder/continue
2026-01-09 08:46:35,412 | INFO | ðŸ“Š Progress: 243,351 files, 2,295 folders | API calls: 137 | Rate: 332 entries/sec | Elapsed: 12.3 min
2026-01-09 08:46:42,876 | INFO | ðŸ’¾ Saved: 245646 entries, 1682.73 GB
2026-01-09 08:46:42,879 | INFO | Request to files/list_folder/continue
2026-01-09 08:46:45,059 | INFO | ðŸ“Š Progress: 245,347 files, 2,299 folders | API calls: 138 | Rate: 331 entries/sec | Elapsed: 12.5 min
2026-01-09 08:46:52,880 | INFO | ðŸ’¾ Saved: 247646 entries, 1708.35 GB
2026-01-09 08:46:52,883 | INFO | Request to files/list_folder/continue
2026-01-09 08:46:56,504 | INFO | ðŸ“Š Progress: 247,346 files, 2,300 folders | API calls: 139 | Rate: 328 entries/sec | Elapsed: 12.7 min
2026-01-09 08:47:02,782 | INFO | ðŸ’¾ Saved: 249646 entries, 1738.60 GB
2026-01-09 08:47:02,785 | INFO | Request to files/list_folder/continue
2026-01-09 08:47:05,421 | INFO | ðŸ“Š Progress: 249,345 files, 2,301 folders | API calls: 140 | Rate: 327 entries/sec | Elapsed: 12.8 min
2026-01-09 08:47:12,543 | INFO | ðŸ’¾ Saved: 251646 entries, 1764.06 GB
2026-01-09 08:47:12,546 | INFO | Request to files/list_folder/continue
2026-01-09 08:47:15,929 | INFO | ðŸ“Š Progress: 251,343 files, 2,303 folders | API calls: 141 | Rate: 325 entries/sec | Elapsed: 13.0 min
2026-01-09 08:47:22,823 | INFO | ðŸ’¾ Saved: 253646 entries, 1786.09 GB
2026-01-09 08:47:22,826 | INFO | Request to files/list_folder/continue
2026-01-09 08:47:26,254 | INFO | ðŸ“Š Progress: 253,342 files, 2,304 folders | API calls: 142 | Rate: 323 entries/sec | Elapsed: 13.2 min
2026-01-09 08:47:33,167 | INFO | ðŸ’¾ Saved: 255646 entries, 1817.37 GB
2026-01-09 08:47:33,169 | INFO | Request to files/list_folder/continue
2026-01-09 08:47:35,514 | INFO | ðŸ“Š Progress: 255,332 files, 2,314 folders | API calls: 143 | Rate: 322 entries/sec | Elapsed: 13.3 min
2026-01-09 08:47:42,460 | INFO | ðŸ’¾ Saved: 257646 entries, 1839.80 GB
2026-01-09 08:47:42,462 | INFO | Request to files/list_folder/continue
2026-01-09 08:47:45,168 | INFO | ðŸ“Š Progress: 257,328 files, 2,318 folders | API calls: 144 | Rate: 321 entries/sec | Elapsed: 13.5 min
2026-01-09 08:47:52,551 | INFO | ðŸ’¾ Saved: 259646 entries, 1864.11 GB
2026-01-09 08:47:52,554 | INFO | Request to files/list_folder/continue
2026-01-09 08:47:55,304 | INFO | ðŸ“Š Progress: 259,326 files, 2,320 folders | API calls: 145 | Rate: 319 entries/sec | Elapsed: 13.7 min
2026-01-09 08:48:02,548 | INFO | ðŸ’¾ Saved: 261646 entries, 1900.30 GB
2026-01-09 08:48:02,550 | INFO | Request to files/list_folder/continue
2026-01-09 08:48:05,087 | INFO | ðŸ“Š Progress: 261,324 files, 2,322 folders | API calls: 146 | Rate: 318 entries/sec | Elapsed: 13.8 min
2026-01-09 08:48:12,214 | INFO | ðŸ’¾ Saved: 263646 entries, 1925.31 GB
2026-01-09 08:48:12,219 | INFO | Request to files/list_folder/continue
2026-01-09 08:48:15,485 | INFO | ðŸ“Š Progress: 263,322 files, 2,324 folders | API calls: 147 | Rate: 316 entries/sec | Elapsed: 14.0 min
2026-01-09 08:48:22,901 | INFO | ðŸ’¾ Saved: 265646 entries, 1950.33 GB
2026-01-09 08:48:22,904 | INFO | Request to files/list_folder/continue
2026-01-09 08:48:25,089 | INFO | ðŸ“Š Progress: 265,321 files, 2,325 folders | API calls: 148 | Rate: 315 entries/sec | Elapsed: 14.2 min
2026-01-09 08:48:33,035 | INFO | ðŸ’¾ Saved: 267646 entries, 1974.50 GB
2026-01-09 08:48:33,039 | INFO | Request to files/list_folder/continue
2026-01-09 08:48:35,452 | INFO | ðŸ“Š Progress: 267,318 files, 2,328 folders | API calls: 149 | Rate: 314 entries/sec | Elapsed: 14.3 min
2026-01-09 08:48:42,747 | INFO | ðŸ’¾ Saved: 269646 entries, 2000.49 GB
2026-01-09 08:48:42,751 | INFO | Request to files/list_folder/continue
2026-01-09 08:48:45,277 | INFO | ðŸ“Š Progress: 269,316 files, 2,330 folders | API calls: 150 | Rate: 312 entries/sec | Elapsed: 14.5 min
2026-01-09 08:48:52,585 | INFO | ðŸ’¾ Saved: 271646 entries, 2036.51 GB
2026-01-09 08:48:52,588 | INFO | Request to files/list_folder/continue
2026-01-09 08:48:55,208 | INFO | ðŸ“Š Progress: 271,314 files, 2,332 folders | API calls: 151 | Rate: 311 entries/sec | Elapsed: 14.7 min
2026-01-09 08:49:02,685 | INFO | ðŸ’¾ Saved: 273646 entries, 2058.68 GB
2026-01-09 08:49:02,690 | INFO | Request to files/list_folder/continue
2026-01-09 08:49:05,085 | INFO | ðŸ“Š Progress: 273,313 files, 2,333 folders | API calls: 152 | Rate: 310 entries/sec | Elapsed: 14.8 min
2026-01-09 08:49:12,535 | INFO | ðŸ’¾ Saved: 275646 entries, 2085.53 GB
2026-01-09 08:49:12,537 | INFO | Request to files/list_folder/continue
2026-01-09 08:49:15,195 | INFO | ðŸ“Š Progress: 275,311 files, 2,335 folders | API calls: 153 | Rate: 309 entries/sec | Elapsed: 15.0 min
2026-01-09 08:49:23,181 | INFO | ðŸ’¾ Saved: 277646 entries, 2109.56 GB
2026-01-09 08:49:23,184 | INFO | Request to files/list_folder/continue
2026-01-09 08:49:25,748 | INFO | ðŸ“Š Progress: 277,304 files, 2,342 folders | API calls: 154 | Rate: 307 entries/sec | Elapsed: 15.2 min
2026-01-09 08:49:33,485 | INFO | ðŸ’¾ Saved: 279646 entries, 2114.95 GB
2026-01-09 08:49:33,488 | INFO | Request to files/list_folder/continue
2026-01-09 08:49:36,006 | INFO | ðŸ“Š Progress: 279,304 files, 2,342 folders | API calls: 155 | Rate: 306 entries/sec | Elapsed: 15.3 min
2026-01-09 08:49:43,718 | INFO | ðŸ’¾ Saved: 281646 entries, 2115.94 GB
2026-01-09 08:49:43,721 | INFO | Request to files/list_folder/continue
2026-01-09 08:49:46,203 | INFO | ðŸ“Š Progress: 281,304 files, 2,342 folders | API calls: 156 | Rate: 305 entries/sec | Elapsed: 15.5 min
2026-01-09 08:49:54,013 | INFO | ðŸ’¾ Saved: 283646 entries, 2116.94 GB
2026-01-09 08:49:54,018 | INFO | Request to files/list_folder/continue
2026-01-09 08:49:56,446 | INFO | ðŸ“Š Progress: 283,300 files, 2,346 folders | API calls: 157 | Rate: 304 entries/sec | Elapsed: 15.7 min
2026-01-09 08:50:04,197 | INFO | ðŸ’¾ Saved: 285646 entries, 2118.17 GB
2026-01-09 08:50:04,200 | INFO | Request to files/list_folder/continue
2026-01-09 08:50:06,419 | INFO | ðŸ“Š Progress: 285,300 files, 2,346 folders | API calls: 158 | Rate: 303 entries/sec | Elapsed: 15.8 min
2026-01-09 08:50:14,346 | INFO | ðŸ’¾ Saved: 287646 entries, 2118.82 GB
2026-01-09 08:50:14,350 | INFO | Request to files/list_folder/continue
2026-01-09 08:50:16,907 | INFO | ðŸ“Š Progress: 287,293 files, 2,353 folders | API calls: 159 | Rate: 301 entries/sec | Elapsed: 16.0 min
2026-01-09 08:50:24,794 | INFO | ðŸ’¾ Saved: 289646 entries, 2119.81 GB
2026-01-09 08:50:24,797 | INFO | Request to files/list_folder/continue
2026-01-09 08:50:27,316 | INFO | ðŸ“Š Progress: 289,293 files, 2,353 folders | API calls: 160 | Rate: 300 entries/sec | Elapsed: 16.2 min
2026-01-09 08:50:35,486 | INFO | ðŸ’¾ Saved: 291646 entries, 2120.81 GB
2026-01-09 08:50:35,489 | INFO | Request to files/list_folder/continue
2026-01-09 08:50:37,922 | INFO | ðŸ“Š Progress: 291,289 files, 2,357 folders | API calls: 161 | Rate: 299 entries/sec | Elapsed: 16.4 min
2026-01-09 08:50:46,237 | INFO | ðŸ’¾ Saved: 293646 entries, 2121.91 GB
2026-01-09 08:50:46,240 | INFO | Request to files/list_folder/continue
2026-01-09 08:50:48,520 | INFO | ðŸ“Š Progress: 293,289 files, 2,357 folders | API calls: 162 | Rate: 298 entries/sec | Elapsed: 16.5 min
2026-01-09 08:50:55,465 | INFO | ðŸ’¾ Saved: 295646 entries, 2122.69 GB
2026-01-09 08:50:55,471 | INFO | Request to files/list_folder/continue
2026-01-09 08:50:58,632 | INFO | ðŸ“Š Progress: 295,289 files, 2,357 folders | API calls: 163 | Rate: 297 entries/sec | Elapsed: 16.7 min
2026-01-09 08:51:07,694 | INFO | ðŸ’¾ Saved: 297646 entries, 2123.47 GB
2026-01-09 08:51:07,698 | INFO | Request to files/list_folder/continue
2026-01-09 08:51:09,977 | INFO | ðŸ“Š Progress: 297,289 files, 2,357 folders | API calls: 164 | Rate: 295 entries/sec | Elapsed: 16.9 min
2026-01-09 08:51:19,657 | INFO | ðŸ’¾ Saved: 299646 entries, 2124.25 GB
2026-01-09 08:51:19,661 | INFO | Request to files/list_folder/continue
2026-01-09 08:51:22,005 | INFO | ðŸ“Š Progress: 299,286 files, 2,360 folders | API calls: 165 | Rate: 294 entries/sec | Elapsed: 17.1 min
2026-01-09 08:51:31,214 | INFO | ðŸ’¾ Saved: 301646 entries, 2125.02 GB
2026-01-09 08:51:31,218 | INFO | Request to files/list_folder/continue
2026-01-09 08:51:33,459 | INFO | ðŸ“Š Progress: 301,286 files, 2,360 folders | API calls: 166 | Rate: 293 entries/sec | Elapsed: 17.3 min
2026-01-09 08:51:42,765 | INFO | ðŸ’¾ Saved: 303646 entries, 2125.66 GB
2026-01-09 08:51:42,769 | INFO | Request to files/list_folder/continue
2026-01-09 08:51:45,319 | INFO | ðŸ“Š Progress: 303,285 files, 2,361 folders | API calls: 167 | Rate: 291 entries/sec | Elapsed: 17.5 min
2026-01-09 08:51:54,894 | INFO | ðŸ’¾ Saved: 305646 entries, 2126.65 GB
2026-01-09 08:51:54,898 | INFO | Request to files/list_folder/continue
2026-01-09 08:51:58,009 | INFO | ðŸ“Š Progress: 305,285 files, 2,361 folders | API calls: 168 | Rate: 290 entries/sec | Elapsed: 17.7 min
2026-01-09 08:52:07,221 | INFO | ðŸ’¾ Saved: 307646 entries, 2127.67 GB
2026-01-09 08:52:07,225 | INFO | Request to files/list_folder/continue
2026-01-09 08:52:09,609 | INFO | ðŸ“Š Progress: 307,285 files, 2,361 folders | API calls: 169 | Rate: 288 entries/sec | Elapsed: 17.9 min
2026-01-09 08:52:19,311 | INFO | ðŸ’¾ Saved: 309646 entries, 2128.69 GB
2026-01-09 08:52:19,314 | INFO | Request to files/list_folder/continue
2026-01-09 08:52:21,689 | INFO | ðŸ“Š Progress: 309,285 files, 2,361 folders | API calls: 170 | Rate: 287 entries/sec | Elapsed: 18.1 min
2026-01-09 08:52:31,344 | INFO | ðŸ’¾ Saved: 311646 entries, 2129.70 GB
2026-01-09 08:52:31,347 | INFO | Request to files/list_folder/continue
2026-01-09 08:52:33,890 | INFO | ðŸ“Š Progress: 311,256 files, 2,390 folders | API calls: 171 | Rate: 286 entries/sec | Elapsed: 18.3 min
2026-01-09 08:52:42,254 | INFO | ðŸ’¾ Saved: 313646 entries, 2131.62 GB
2026-01-09 08:52:42,258 | INFO | Request to files/list_folder/continue
2026-01-09 08:52:44,800 | INFO | ðŸ“Š Progress: 313,251 files, 2,395 folders | API calls: 172 | Rate: 285 entries/sec | Elapsed: 18.5 min
2026-01-09 08:52:53,382 | INFO | ðŸ’¾ Saved: 315646 entries, 2132.70 GB
2026-01-09 08:52:53,386 | INFO | Request to files/list_folder/continue
2026-01-09 08:52:56,079 | INFO | ðŸ“Š Progress: 315,251 files, 2,395 folders | API calls: 173 | Rate: 284 entries/sec | Elapsed: 18.7 min
2026-01-09 08:53:04,665 | INFO | ðŸ’¾ Saved: 317646 entries, 2133.78 GB
2026-01-09 08:53:04,672 | INFO | Request to files/list_folder/continue
2026-01-09 08:53:07,254 | INFO | ðŸ“Š Progress: 317,251 files, 2,395 folders | API calls: 174 | Rate: 283 entries/sec | Elapsed: 18.9 min
2026-01-09 08:53:15,918 | INFO | ðŸ’¾ Saved: 319646 entries, 2134.85 GB
2026-01-09 08:53:15,921 | INFO | Request to files/list_folder/continue
2026-01-09 08:53:18,131 | INFO | ðŸ“Š Progress: 319,248 files, 2,398 folders | API calls: 175 | Rate: 282 entries/sec | Elapsed: 19.0 min
2026-01-09 08:53:27,151 | INFO | ðŸ’¾ Saved: 321646 entries, 2135.94 GB
2026-01-09 08:53:27,157 | INFO | Request to files/list_folder/continue
2026-01-09 08:53:29,534 | INFO | ðŸ“Š Progress: 321,247 files, 2,399 folders | API calls: 176 | Rate: 281 entries/sec | Elapsed: 19.2 min
2026-01-09 08:53:38,958 | INFO | ðŸ’¾ Saved: 323646 entries, 2136.61 GB
2026-01-09 08:53:38,962 | INFO | Request to files/list_folder/continue
2026-01-09 08:53:42,316 | INFO | ðŸ“Š Progress: 323,247 files, 2,399 folders | API calls: 177 | Rate: 279 entries/sec | Elapsed: 19.4 min
2026-01-09 08:53:51,988 | INFO | ðŸ’¾ Saved: 325646 entries, 2137.70 GB
2026-01-09 08:53:51,992 | INFO | Request to files/list_folder/continue
2026-01-09 08:53:56,248 | INFO | ðŸ“Š Progress: 325,247 files, 2,399 folders | API calls: 178 | Rate: 278 entries/sec | Elapsed: 19.7 min
2026-01-09 08:54:02,653 | INFO | ðŸ’¾ Saved: 327646 entries, 2138.79 GB
2026-01-09 08:54:02,656 | INFO | Request to files/list_folder/continue
2026-01-09 08:54:05,078 | INFO | ðŸ“Š Progress: 327,247 files, 2,399 folders | API calls: 179 | Rate: 277 entries/sec | Elapsed: 19.8 min
2026-01-09 08:54:11,498 | INFO | ðŸ’¾ Saved: 329646 entries, 2139.88 GB
2026-01-09 08:54:11,501 | INFO | Request to files/list_folder/continue
2026-01-09 08:54:14,076 | INFO | ðŸ“Š Progress: 329,239 files, 2,407 folders | API calls: 180 | Rate: 277 entries/sec | Elapsed: 20.0 min
2026-01-09 08:54:20,620 | INFO | ðŸ’¾ Saved: 331646 entries, 2141.11 GB
2026-01-09 08:54:20,624 | INFO | Request to files/list_folder/continue
2026-01-09 08:54:23,040 | INFO | ðŸ“Š Progress: 331,238 files, 2,408 folders | API calls: 181 | Rate: 276 entries/sec | Elapsed: 20.1 min
2026-01-09 08:54:29,584 | INFO | ðŸ’¾ Saved: 333646 entries, 2141.85 GB
2026-01-09 08:54:29,588 | INFO | Request to files/list_folder/continue
2026-01-09 08:54:31,890 | INFO | ðŸ“Š Progress: 333,238 files, 2,408 folders | API calls: 182 | Rate: 276 entries/sec | Elapsed: 20.3 min
2026-01-09 08:54:40,324 | INFO | ðŸ’¾ Saved: 335646 entries, 2142.59 GB
2026-01-09 08:54:40,328 | INFO | Request to files/list_folder/continue
2026-01-09 08:54:42,676 | INFO | ðŸ“Š Progress: 335,237 files, 2,409 folders | API calls: 183 | Rate: 275 entries/sec | Elapsed: 20.4 min
2026-01-09 08:54:53,232 | INFO | ðŸ’¾ Saved: 337646 entries, 2143.39 GB
2026-01-09 08:54:53,237 | INFO | Request to files/list_folder/continue
2026-01-09 08:54:55,598 | INFO | ðŸ“Š Progress: 337,237 files, 2,409 folders | API calls: 184 | Rate: 274 entries/sec | Elapsed: 20.7 min
2026-01-09 08:55:06,144 | INFO | ðŸ’¾ Saved: 339646 entries, 2144.18 GB
2026-01-09 08:55:06,149 | INFO | Request to files/list_folder/continue
2026-01-09 08:55:08,584 | INFO | ðŸ“Š Progress: 339,237 files, 2,409 folders | API calls: 185 | Rate: 273 entries/sec | Elapsed: 20.9 min
2026-01-09 08:55:19,519 | INFO | ðŸ’¾ Saved: 341646 entries, 2144.98 GB
2026-01-09 08:55:19,523 | INFO | Request to files/list_folder/continue
2026-01-09 08:55:21,906 | INFO | ðŸ“Š Progress: 341,237 files, 2,409 folders | API calls: 186 | Rate: 271 entries/sec | Elapsed: 21.1 min
2026-01-09 08:55:32,885 | INFO | ðŸ’¾ Saved: 343646 entries, 2145.77 GB
2026-01-09 08:55:32,891 | INFO | Request to files/list_folder/continue
2026-01-09 08:55:35,297 | INFO | ðŸ“Š Progress: 343,228 files, 2,418 folders | API calls: 187 | Rate: 270 entries/sec | Elapsed: 21.3 min
2026-01-09 08:55:45,741 | INFO | ðŸ’¾ Saved: 345646 entries, 2146.73 GB
2026-01-09 08:55:45,746 | INFO | Request to files/list_folder/continue
2026-01-09 08:55:48,915 | INFO | ðŸ“Š Progress: 345,226 files, 2,420 folders | API calls: 188 | Rate: 269 entries/sec | Elapsed: 21.6 min
2026-01-09 08:55:56,279 | INFO | ðŸ’¾ Saved: 347646 entries, 2147.72 GB
2026-01-09 08:55:56,282 | INFO | Request to files/list_folder/continue
2026-01-09 08:55:58,944 | INFO | ðŸ“Š Progress: 347,226 files, 2,420 folders | API calls: 189 | Rate: 268 entries/sec | Elapsed: 21.7 min
2026-01-09 08:56:06,982 | INFO | ðŸ’¾ Saved: 349646 entries, 2148.64 GB
2026-01-09 08:56:06,987 | INFO | Request to files/list_folder/continue
2026-01-09 08:56:09,299 | INFO | ðŸ“Š Progress: 349,226 files, 2,420 folders | API calls: 190 | Rate: 268 entries/sec | Elapsed: 21.9 min
2026-01-09 08:56:16,925 | INFO | ðŸ’¾ Saved: 351646 entries, 2149.55 GB
2026-01-09 08:56:16,929 | INFO | Request to files/list_folder/continue
2026-01-09 08:56:19,125 | INFO | ðŸ“Š Progress: 351,222 files, 2,424 folders | API calls: 191 | Rate: 267 entries/sec | Elapsed: 22.1 min
2026-01-09 08:56:23,177 | WARNING | 
âš ï¸  Interrupted! Saving progress before exit...
2026-01-09 08:56:29,957 | INFO | ðŸ’¾ Saved: 353646 entries, 2150.54 GB
2026-01-09 08:56:29,960 | INFO | âœ… Progress saved. You can resume later.
