2026-01-09 08:56:41,422 | INFO | API #1: list(/)
2026-01-09 08:56:41,969 | INFO | API #2: list(/APLICACIONES Y BECAS)
2026-01-09 08:56:42,304 | INFO | API #3: list(/PROGRAMAS ACADEMICOS)
2026-01-09 08:56:42,653 | INFO | API #4: list(/INVESTIGACIÓN TBS/ADMINISTRATIVO)
2026-01-09 08:56:43,061 | INFO | API #5: list(/INVESTIGACIÓN TBS/VINCULACIÓN - COMUNIDADES)
2026-01-09 08:56:50,041 | INFO | Saved: 353647 entries, 2.1 TB
2026-01-09 09:01:16,721 | INFO | API #1: list_folder_continue
2026-01-09 09:01:19,528 | INFO | API #2: list_folder_continue
2026-01-09 09:01:22,869 | INFO | API #3: list_folder_continue
2026-01-09 09:01:25,348 | INFO | API #4: list_folder_continue
2026-01-09 09:01:27,520 | INFO | API #5: list_folder_continue
2026-01-09 09:01:29,116 | INFO | API #6: list_folder_continue
2026-01-09 09:01:31,556 | INFO | API #7: list_folder_continue
2026-01-09 09:01:32,699 | INFO | API #8: list_folder_continue
2026-01-09 09:01:34,447 | INFO | API #9: list_folder_continue
2026-01-09 09:01:34,947 | INFO | API #10: list_folder_continue
2026-01-09 09:01:36,090 | INFO | API #11: list_folder_continue
2026-01-09 09:01:37,990 | INFO | API #12: list_folder_continue
2026-01-09 09:01:39,689 | INFO | API #13: list_folder_continue
2026-01-09 09:01:42,178 | INFO | API #14: list_folder_continue
2026-01-09 09:01:43,485 | INFO | API #15: list_folder_continue
2026-01-09 09:01:52,210 | INFO | Saved: 370,852 entries
2026-01-09 09:01:52,212 | INFO | API #16: list_folder_continue
2026-01-09 09:01:52,838 | INFO | API #17: list_folder_continue
2026-01-09 09:01:54,083 | INFO | API #18: list_folder_continue
2026-01-09 09:01:56,769 | INFO | API #19: list_folder_continue
2026-01-09 09:01:59,029 | INFO | API #20: list_folder_continue
2026-01-09 09:02:00,300 | INFO | API #21: list_folder_continue
2026-01-09 09:02:01,830 | INFO | API #22: list_folder_continue
2026-01-09 09:02:02,874 | INFO | API #23: list_folder_continue
2026-01-09 09:02:04,402 | INFO | API #24: list_folder_continue
2026-01-09 09:02:05,230 | INFO | API #25: list_folder_continue
2026-01-09 09:02:06,660 | INFO | API #26: list_folder_continue
2026-01-09 09:02:09,014 | INFO | API #27: list_folder_continue
2026-01-09 09:02:10,583 | INFO | API #28: list_folder_continue
2026-01-09 09:02:11,883 | INFO | API #29: list_folder_continue
2026-01-09 09:02:13,043 | INFO | API #30: list_folder_continue
2026-01-09 09:02:14,565 | INFO | API #31: list_folder_continue
2026-01-09 09:02:16,024 | INFO | API #32: list_folder_continue
2026-01-09 09:02:17,796 | INFO | API #33: list_folder_continue
2026-01-09 09:02:19,359 | INFO | API #34: list_folder_continue
2026-01-09 09:02:20,754 | INFO | API #35: list_folder_continue
2026-01-09 09:02:21,974 | INFO | API #36: list_folder_continue
2026-01-09 09:02:30,789 | INFO | Saved: 390,405 entries
2026-01-09 09:02:30,792 | INFO | API #37: list_folder_continue
2026-01-09 09:02:32,497 | INFO | API #38: list_folder_continue
2026-01-09 09:02:33,806 | INFO | API #39: list_folder_continue
2026-01-09 09:02:35,159 | INFO | API #40: list_folder_continue
2026-01-09 09:02:35,880 | INFO | API #41: list_folder_continue
2026-01-09 09:02:36,708 | INFO | API #42: list_folder_continue
2026-01-09 09:02:37,827 | INFO | API #43: list_folder_continue
2026-01-09 09:02:40,084 | INFO | API #44: list_folder_continue
2026-01-09 09:02:42,530 | INFO | API #45: list_folder_continue
2026-01-09 09:02:44,319 | INFO | API #46: list_folder_continue
2026-01-09 09:02:44,950 | INFO | API #47: list_folder_continue
2026-01-09 09:02:46,502 | INFO | API #48: list_folder_continue
2026-01-09 09:02:48,730 | INFO | API #49: list_folder_continue
2026-01-09 09:02:50,876 | INFO | API #50: list_folder_continue
2026-01-09 09:02:54,449 | INFO | API #51: list_folder_continue
2026-01-09 09:02:55,405 | INFO | API #52: list_folder_continue
2026-01-09 09:03:06,938 | INFO | Saved: 405,777 entries
